<?xml version="1.0" encoding="UTF-8"?>
<testng-results ignored="0" total="3" passed="3" failed="0" skipped="0">
  <reporter-output>
  </reporter-output>
  <suite started-at="2026-05-12T02:35:16 IST" name="SauceDemo Suite" finished-at="2026-05-12T02:35:34 IST" duration-ms="18122">
    <groups>
    </groups>
    <test started-at="2026-05-12T02:35:16 IST" name="Regression Tests" finished-at="2026-05-12T02:35:34 IST" duration-ms="18122">
      <class name="tests.LoginTest">
        <test-method is-config="true" signature="setup()[pri:0, instance:tests.LoginTest@65fb9ffc]" started-at="2026-05-12T02:35:16 IST" name="setup" finished-at="2026-05-12T02:35:21 IST" duration-ms="5317" status="PASS">
          <reporter-output>
          </reporter-output>
        </test-method> <!-- setup -->
        <test-method signature="verifyLogin()[pri:0, instance:tests.LoginTest@65fb9ffc]" started-at="2026-05-12T02:35:21 IST" name="verifyLogin" finished-at="2026-05-12T02:35:22 IST" duration-ms="703" status="PASS">
          <reporter-output>
          </reporter-output>
        </test-method> <!-- verifyLogin -->
        <test-method is-config="true" signature="tearDown()[pri:0, instance:tests.LoginTest@65fb9ffc]" started-at="2026-05-12T02:35:22 IST" name="tearDown" finished-at="2026-05-12T02:35:22 IST" duration-ms="390" status="PASS">
          <reporter-output>
          </reporter-output>
        </test-method> <!-- tearDown -->
      </class> <!-- tests.LoginTest -->
      <class name="tests.AddToCartTest">
        <test-method is-config="true" signature="setup()[pri:0, instance:tests.AddToCartTest@3fc2959f]" started-at="2026-05-12T02:35:22 IST" name="setup" finished-at="2026-05-12T02:35:25 IST" duration-ms="3442" status="PASS">
          <reporter-output>
          </reporter-output>
        </test-method> <!-- setup -->
        <test-method signature="addProductTest()[pri:0, instance:tests.AddToCartTest@3fc2959f]" started-at="2026-05-12T02:35:25 IST" name="addProductTest" finished-at="2026-05-12T02:35:27 IST" duration-ms="1150" status="PASS">
          <reporter-output>
          </reporter-output>
        </test-method> <!-- addProductTest -->
        <test-method is-config="true" signature="tearDown()[pri:0, instance:tests.AddToCartTest@3fc2959f]" started-at="2026-05-12T02:35:27 IST" name="tearDown" finished-at="2026-05-12T02:35:27 IST" duration-ms="266" status="PASS">
          <reporter-output>
          </reporter-output>
        </test-method> <!-- tearDown -->
      </class> <!-- tests.AddToCartTest -->
      <class name="tests.CheckoutTest">
        <test-method is-config="true" signature="setup()[pri:0, instance:tests.CheckoutTest@5aa9e4eb]" started-at="2026-05-12T02:35:27 IST" name="setup" finished-at="2026-05-12T02:35:31 IST" duration-ms="4491" status="PASS">
          <reporter-output>
          </reporter-output>
        </test-method> <!-- setup -->
        <test-method signature="completeCheckoutProcess()[pri:0, instance:tests.CheckoutTest@5aa9e4eb]" started-at="2026-05-12T02:35:31 IST" name="completeCheckoutProcess" finished-at="2026-05-12T02:35:33 IST" duration-ms="1959" status="PASS">
          <reporter-output>
          </reporter-output>
        </test-method> <!-- completeCheckoutProcess -->
        <test-method is-config="true" signature="tearDown()[pri:0, instance:tests.CheckoutTest@5aa9e4eb]" started-at="2026-05-12T02:35:33 IST" name="tearDown" finished-at="2026-05-12T02:35:34 IST" duration-ms="274" status="PASS">
          <reporter-output>
          </reporter-output>
        </test-method> <!-- tearDown -->
      </class> <!-- tests.CheckoutTest -->
    </test> <!-- Regression Tests -->
  </suite> <!-- SauceDemo Suite -->
</testng-results>
