<?xml version="1.0" encoding="UTF-8"?>
<!-- Generated by org.testng.reporters.JUnitXMLReporter -->
<testsuite ignored="0" hostname="DESKTOP-M9MNQLV" failures="0" tests="3" name="Regression Tests" time="18.122" errors="0" timestamp="2026-05-12T02:35:34 IST">
  <testcase classname="tests.LoginTest" name="verifyLogin" time="0.703"/>
  <testcase classname="tests.AddToCartTest" name="addProductTest" time="1.15"/>
  <testcase classname="tests.CheckoutTest" name="completeCheckoutProcess" time="1.959"/>
</testsuite> <!-- Regression Tests -->
